{"/Users/pivotal/testing/2Pair/frontend/src/App.vue": {"path":"/Users/pivotal/testing/2Pair/frontend/src/App.vue","statementMap":{"0":{"start":{"line":50,"column":0},"end":{"line":50,"column":null}}},"fnMap":{"0":{"name":"(anonymous_1)","decl":{"start":{"line":49,"column":0},"end":{"line":49,"column":null}},"loc":{"start":{"line":49,"column":0},"end":{"line":53,"column":null}}}},"branchMap":{},"s":{"0":1},"f":{"0":1},"b":{}}
,"/Users/pivotal/testing/2Pair/frontend/src/components/Hello.vue": {"path":"/Users/pivotal/testing/2Pair/frontend/src/components/Hello.vue","statementMap":{"0":{"start":{"line":44,"column":0},"end":{"line":44,"column":null}}},"fnMap":{"0":{"name":"(anonymous_1)","decl":{"start":{"line":43,"column":0},"end":{"line":43,"column":null}},"loc":{"start":{"line":43,"column":0},"end":{"line":47,"column":null}}}},"branchMap":{},"s":{"0":1},"f":{"0":1},"b":{}}
,"/Users/pivotal/testing/2Pair/frontend/src/components/User.vue": {"path":"/Users/pivotal/testing/2Pair/frontend/src/components/User.vue","statementMap":{"0":{"start":{"line":52,"column":0},"end":{"line":52,"column":null}},"1":{"start":{"line":57,"column":0},"end":{"line":57,"column":null}},"2":{"start":{"line":74,"column":0},"end":{"line":74,"column":null}},"3":{"start":{"line":79,"column":0},"end":{"line":79,"column":null}},"4":{"start":{"line":80,"column":0},"end":{"line":90,"column":null}},"5":{"start":{"line":82,"column":0},"end":{"line":82,"column":null}},"6":{"start":{"line":83,"column":0},"end":{"line":83,"column":null}},"7":{"start":{"line":85,"column":0},"end":{"line":85,"column":null}},"8":{"start":{"line":86,"column":0},"end":{"line":86,"column":null}},"9":{"start":{"line":89,"column":0},"end":{"line":89,"column":null}},"10":{"start":{"line":95,"column":0},"end":{"line":102,"column":null}},"11":{"start":{"line":96,"column":0},"end":{"line":96,"column":null}},"12":{"start":{"line":97,"column":0},"end":{"line":97,"column":null}},"13":{"start":{"line":98,"column":0},"end":{"line":98,"column":null}},"14":{"start":{"line":101,"column":0},"end":{"line":101,"column":null}}},"fnMap":{"0":{"name":"(anonymous_1)","decl":{"start":{"line":56,"column":0},"end":{"line":56,"column":null}},"loc":{"start":{"line":56,"column":0},"end":{"line":71,"column":null}}},"1":{"name":"(anonymous_2)","decl":{"start":{"line":73,"column":0},"end":{"line":73,"column":null}},"loc":{"start":{"line":73,"column":0},"end":{"line":76,"column":null}}},"2":{"name":"(anonymous_3)","decl":{"start":{"line":78,"column":0},"end":{"line":78,"column":null}},"loc":{"start":{"line":78,"column":0},"end":{"line":92,"column":null}}},"3":{"name":"(anonymous_4)","decl":{"start":{"line":80,"column":0},"end":{"line":80,"column":null}},"loc":{"start":{"line":80,"column":0},"end":{"line":87,"column":null}}},"4":{"name":"(anonymous_5)","decl":{"start":{"line":87,"column":0},"end":{"line":87,"column":null}},"loc":{"start":{"line":87,"column":0},"end":{"line":90,"column":null}}},"5":{"name":"(anonymous_6)","decl":{"start":{"line":94,"column":0},"end":{"line":94,"column":null}},"loc":{"start":{"line":94,"column":0},"end":{"line":103,"column":null}}},"6":{"name":"(anonymous_7)","decl":{"start":{"line":95,"column":0},"end":{"line":95,"column":null}},"loc":{"start":{"line":95,"column":0},"end":{"line":99,"column":null}}},"7":{"name":"(anonymous_8)","decl":{"start":{"line":99,"column":0},"end":{"line":99,"column":null}},"loc":{"start":{"line":99,"column":0},"end":{"line":102,"column":null}}}},"branchMap":{},"s":{"0":1,"1":1,"2":1,"3":0,"4":0,"5":0,"6":0,"7":0,"8":0,"9":0,"10":1,"11":0,"12":0,"13":0,"14":0},"f":{"0":1,"1":1,"2":0,"3":0,"4":0,"5":1,"6":0,"7":0},"b":{}}
,"/Users/pivotal/testing/2Pair/frontend/src/components/backend-api.js": {"path":"/Users/pivotal/testing/2Pair/frontend/src/components/backend-api.js","statementMap":{"0":{"start":{"line":12,"column":14},"end":{"line":15,"column":2}},"1":{"start":{"line":19,"column":8},"end":{"line":19,"column":35}},"2":{"start":{"line":22,"column":8},"end":{"line":22,"column":35}},"3":{"start":{"line":25,"column":8},"end":{"line":25,"column":45}},"4":{"start":{"line":28,"column":8},"end":{"line":28,"column":85}},"5":{"start":{"line":32,"column":8},"end":{"line":32,"column":37}},"6":{"start":{"line":35,"column":8},"end":{"line":35,"column":49}},"7":{"start":{"line":38,"column":8},"end":{"line":38,"column":55}},"8":{"start":{"line":42,"column":8},"end":{"line":42,"column":38}},"9":{"start":{"line":45,"column":8},"end":{"line":45,"column":51}},"10":{"start":{"line":48,"column":22},"end":{"line":48,"column":40}},"11":{"start":{"line":49,"column":24},"end":{"line":49,"column":46}},"12":{"start":{"line":50,"column":8},"end":{"line":50,"column":94}},"13":{"start":{"line":54,"column":8},"end":{"line":54,"column":42}},"14":{"start":{"line":58,"column":8},"end":{"line":62,"column":16}}},"fnMap":{"0":{"name":"(anonymous_0)","decl":{"start":{"line":18,"column":4},"end":{"line":18,"column":5}},"loc":{"start":{"line":18,"column":12},"end":{"line":20,"column":5}},"line":18},"1":{"name":"(anonymous_1)","decl":{"start":{"line":21,"column":4},"end":{"line":21,"column":5}},"loc":{"start":{"line":21,"column":15},"end":{"line":23,"column":5}},"line":21},"2":{"name":"(anonymous_2)","decl":{"start":{"line":24,"column":4},"end":{"line":24,"column":5}},"loc":{"start":{"line":24,"column":20},"end":{"line":26,"column":5}},"line":24},"3":{"name":"(anonymous_3)","decl":{"start":{"line":27,"column":4},"end":{"line":27,"column":5}},"loc":{"start":{"line":27,"column":35},"end":{"line":29,"column":5}},"line":27},"4":{"name":"(anonymous_4)","decl":{"start":{"line":31,"column":4},"end":{"line":31,"column":5}},"loc":{"start":{"line":31,"column":17},"end":{"line":33,"column":5}},"line":31},"5":{"name":"(anonymous_5)","decl":{"start":{"line":34,"column":4},"end":{"line":34,"column":5}},"loc":{"start":{"line":34,"column":24},"end":{"line":36,"column":5}},"line":34},"6":{"name":"(anonymous_6)","decl":{"start":{"line":37,"column":4},"end":{"line":37,"column":5}},"loc":{"start":{"line":37,"column":23},"end":{"line":39,"column":5}},"line":37},"7":{"name":"(anonymous_7)","decl":{"start":{"line":41,"column":4},"end":{"line":41,"column":5}},"loc":{"start":{"line":41,"column":18},"end":{"line":43,"column":5}},"line":41},"8":{"name":"(anonymous_8)","decl":{"start":{"line":44,"column":4},"end":{"line":44,"column":5}},"loc":{"start":{"line":44,"column":26},"end":{"line":46,"column":5}},"line":44},"9":{"name":"(anonymous_9)","decl":{"start":{"line":47,"column":4},"end":{"line":47,"column":5}},"loc":{"start":{"line":47,"column":38},"end":{"line":51,"column":5}},"line":47},"10":{"name":"(anonymous_10)","decl":{"start":{"line":53,"column":4},"end":{"line":53,"column":5}},"loc":{"start":{"line":53,"column":13},"end":{"line":55,"column":5}},"line":53},"11":{"name":"(anonymous_11)","decl":{"start":{"line":57,"column":4},"end":{"line":57,"column":5}},"loc":{"start":{"line":57,"column":31},"end":{"line":63,"column":5}},"line":57}},"branchMap":{},"s":{"0":1,"1":0,"2":1,"3":0,"4":0,"5":0,"6":0,"7":0,"8":0,"9":0,"10":0,"11":0,"12":0,"13":0,"14":0},"f":{"0":0,"1":1,"2":0,"3":0,"4":0,"5":0,"6":0,"7":0,"8":0,"9":0,"10":0,"11":0},"b":{},"_coverageSchema":"43e27e138ebf9cfc5966b082cf9a028302ed4184","hash":"68901827f716755ee221df440d1cbedb0068dd10"}
}
