TN:
SF:C:\Users\Falcon\Desktop\spring-boot-vuejs\frontend\src\App.vue
FN:19,(anonymous_1)
FNF:1
FNH:1
FNDA:1,(anonymous_1)
DA:20,1
LF:1
LH:1
BRF:0
BRH:0
end_of_record
TN:
SF:C:\Users\Falcon\Desktop\spring-boot-vuejs\frontend\src\components\User.vue
FN:50,(anonymous_1)
FN:66,(anonymous_2)
FN:68,(anonymous_3)
FN:74,(anonymous_4)
FN:79,(anonymous_5)
FN:80,(anonymous_6)
FN:84,(anonymous_7)
FNF:7
FNH:1
FNDA:1,(anonymous_1)
FNDA:0,(anonymous_2)
FNDA:0,(anonymous_3)
FNDA:0,(anonymous_4)
FNDA:0,(anonymous_5)
FNDA:0,(anonymous_6)
FNDA:0,(anonymous_7)
DA:45,1
DA:51,1
DA:68,0
DA:70,0
DA:71,0
DA:72,0
DA:73,0
DA:76,0
DA:80,0
DA:82,0
DA:83,0
DA:86,0
LF:12
LH:2
BRF:0
BRH:0
end_of_record
TN:
SF:C:\Users\Falcon\Desktop\spring-boot-vuejs\frontend\src\components\backend-api.js
FN:10,(anonymous_0)
FN:13,(anonymous_1)
FN:16,(anonymous_2)
FN:19,(anonymous_3)
FNF:4
FNH:0
FNDA:0,(anonymous_0)
FNDA:0,(anonymous_1)
FNDA:0,(anonymous_2)
FNDA:0,(anonymous_3)
DA:3,1
DA:11,0
DA:14,0
DA:17,0
DA:20,0
LF:5
LH:1
BRF:0
BRH:0
end_of_record
