TN:
SF:C:\Users\Falcon\Desktop\spring-boot-vuejs\frontend\src\App.vue
FN:39,(anonymous_1)
FNF:1
FNH:1
FNDA:1,(anonymous_1)
DA:40,1
LF:1
LH:1
BRF:0
BRH:0
end_of_record
TN:
SF:C:\Users\Falcon\Desktop\spring-boot-vuejs\frontend\src\components\Hello.vue
FN:43,(anonymous_1)
FNF:1
FNH:1
FNDA:1,(anonymous_1)
DA:44,1
LF:1
LH:1
BRF:0
BRH:0
end_of_record
TN:
SF:C:\Users\Falcon\Desktop\spring-boot-vuejs\frontend\src\components\User.vue
FN:33,(anonymous_1)
FN:50,(anonymous_2)
FN:51,(anonymous_3)
FN:56,(anonymous_4)
FN:62,(anonymous_5)
FN:63,(anonymous_6)
FNF:6
FNH:2
FNDA:1,(anonymous_1)
FNDA:0,(anonymous_2)
FNDA:0,(anonymous_3)
FNDA:0,(anonymous_4)
FNDA:1,(anonymous_5)
FNDA:0,(anonymous_6)
DA:29,1
DA:34,1
DA:51,0
DA:53,0
DA:54,0
DA:55,0
DA:58,0
DA:63,1
DA:64,0
DA:65,0
DA:66,0
LF:11
LH:3
BRF:0
BRH:0
end_of_record
TN:
SF:C:\Users\Falcon\Desktop\spring-boot-vuejs\frontend\src\components\backend-api.js
FN:18,(anonymous_0)
FN:21,(anonymous_1)
FN:24,(anonymous_2)
FN:27,(anonymous_3)
FN:30,(anonymous_4)
FN:33,(anonymous_5)
FNF:6
FNH:1
FNDA:0,(anonymous_0)
FNDA:1,(anonymous_1)
FNDA:0,(anonymous_2)
FNDA:0,(anonymous_3)
FNDA:0,(anonymous_4)
FNDA:0,(anonymous_5)
DA:12,1
DA:19,0
DA:22,1
DA:25,0
DA:28,0
DA:31,0
DA:34,0
LF:7
LH:2
BRF:0
BRH:0
end_of_record
